<?xml version="1.0" encoding="UTF-8"?>
<!-- Generated by org.testng.reporters.JUnitReportReporter -->
<testsuite skipped="0" hostname="LAPTOP-7VQ11PQH" name="JukinMedia.Grails.registerPage" tests="5" failures="0" timestamp="2020-09-16T04:10:41 IST" time="37.619" errors="0">
  <testcase name="registerNew" time="7.857" classname="JukinMedia.Grails.registerPage"/>
  <system-out/>
  <testcase name="NavigateToMain" time="5.307" classname="JukinMedia.Grails.registerPage"/>
  <system-out/>
  <testcase name="registerNew" time="7.906" classname="JukinMedia.Grails.registerPage"/>
  <system-out/>
  <testcase name="registerNew" time="7.930" classname="JukinMedia.Grails.registerPage"/>
  <system-out/>
  <testcase name="registerNew" time="8.619" classname="JukinMedia.Grails.registerPage"/>
  <system-out/>
</testsuite> <!-- JukinMedia.Grails.registerPage -->
