<?xml version="1.0" encoding="UTF-8"?>
<!-- Generated by org.testng.reporters.JUnitReportReporter -->
<testsuite skipped="0" hostname="LAPTOP-7VQ11PQH" name="JukinMedia.Grails.loginpage" tests="2" failures="0" timestamp="2020-09-16T04:22:07 IST" time="12.049" errors="0">
  <testcase name="loginPage" time="6.332" classname="JukinMedia.Grails.loginpage"/>
  <system-out/>
  <testcase name="loginPage" time="5.717" classname="JukinMedia.Grails.loginpage"/>
  <system-out/>
</testsuite> <!-- JukinMedia.Grails.loginpage -->
